[    0.000000] Linux version 4.15.0-46-generic (buildd@lgw01-amd64-038) (gcc version 7.3.0 (Ubuntu 7.3.0-16ubuntu3)) #49-Ubuntu SMP Wed Feb 6 09:33:07 UTC 2019 (Ubuntu 4.15.0-46.49-generic 4.15.18)
[    0.000000] Command line: BOOT_IMAGE=/boot/vmlinuz-4.15.0-46-generic root=LABEL=cloudimg-rootfs ro console=tty1 console=ttyS0
[    0.000000] KERNEL supported cpus:
[    0.000000]   Intel GenuineIntel
[    0.000000]   AMD AuthenticAMD
[    0.000000]   Centaur CentaurHauls
[    0.000000] x86/fpu: Supporting XSAVE feature 0x001: 'x87 floating point registers'
[    0.000000] x86/fpu: Supporting XSAVE feature 0x002: 'SSE registers'
[   0.000000] x86/fpu: Supporting XSAVE feature 0x004: 'AVX registers'
    .00000] x86/fpu: xstate_offset[2]:  576, xstate_sizes[2]:  256
[    0.000000] x86/fpu: Enabled xstate features 0x7, context size is 832 bytes, using 'standard' format.
[    0.000000] e820: BIOS-provided physical RAM map:
[    0.000000] BIOS-e820: [mem 0x0000000000000000-0x000000000009fbff] usable
[    0.000000] BIOS-e820: [mem 0x000000000009fc00-0x000000000009ffff] reserved
[    0.000000] BIOS-e820: [mem 0x0000000000f0000-0x00000000000fffff] reserved
[   .000000] IO-e820: [mem 0x00000000001000000x00000000fffff] usable
[    0.000000] BIOS-e820: [mem 0x000000003fff000-0x0000003fffffff] ACPI data
[    0.000000] BIOS-e820: [mem 0x00000000fec00000-0x00000000fec00fff] reserved
[    0.0000] BIOS-e80: [mem 0x00000000fee00000-0x00000000fee00fff] reserved
[    0.000000] BIOS-e820: [mem 0x00000000fffc0000-0x00000000ffffffff] reserved
[    0.000000] NX (Execute Disable) protection: active
[    0.000000] SMBIOS 2.5 present.
[    0.000000] DMI: innotek GmbH VirtualBox/VirtualBox, BIOS VirtualBox 12/01/2006
[    0.000000] Hypervisor detected: KVM
[    0.000000] e820: last_pfn = 0x3fff0 max_arch_pfn = 0x400000000
[    0.000000] MTRR: Disabled
[    0.000000] x86/PAT: MTRRs disabled, skipping PAT initialization too.
[    0.000000] CPU MTRRs all blank - virtualized system.
[    0.000000] x86/PAT: Configuration [0-7]: WB  WT  UC- UC  WB  WT  UC- UC  
[    0.000000] found SMPMP-table at [mem 0x0009fff0-0x0009ffff] mapped at [        (trval)]
[    0.000000] Scanning 1 areas forlow memory corruption
[   0.000000] RAMDISK: [mem 0x359cb000-0x36ccfff]
[    0.000000] ACPI: Early table checksum verification disabled
[    0.000000] ACPI: RSDP 0x00000000000E0000 000024 (v02 VBOX  )
[    0.000000] ACPI: XSDT 0x000000003FFF0030 00003C (v01 VBOX   VOXSDT 00000001 ASL  00000061)
[    0.000000] ACPI: FACP 0x000000003FFF00F0 00F4 (v04 VBOX   VBOXFACP 00000001 AS  0000061)
[   .00000] ACPI: DSDT 0x00000003FF0700 0021FF (v02 VBOX   VBOXBIOS 00000002 INTL 20100528)
[    0.000000] ACPI: FACS 0x000000003FFF0200 000040
[    0.000000] ACPI: FACS 0x000000003FFF0200 000040
[    0.000000] ACPI: APIC 0x000000003FFF0240 00005C (v02 VBOX   VBOXAPIC 00000001 ASL  00000061)
[    0.000000] ACPI: SSDT 0x000000003FFF02A 001CC (v01 VBOX   VBOXCPT 000002 INTL 20100528)
[    0.000000] No NUMA configuration found
[    0.000000] Faking a node at [mem 0x0000000000000000-0x000000003ffeffff]
[    0.000000] NODE_DATA(0) allocated [mem 0x3ffc5000-0x3ffeffff]
[    0.000000] kvm-clock: cpu 0, msr 0:3ff44001, primary cpu clock
[    0.000000] kvm-clock: Using msrs 4b564d01 and 4b564d00
[    0.000000] kvm-clock: using sched offset of 4476680152 cycles
[    0.000000] clocksource: kvm-clock: mask: 0xffffffffffffffff max_cycles: 0x1cd42e4dffb, max_idle_ns: 881590591483 ns
[    0.000000] Zone ranges:
[    0.000000]   DMA      [mem 0x0000000000001000-0x0000000000ffffff]
[    0.000000]   DMA32    [mem 0x0000000001000000-0x000000003ffeffff]
[    0.000000]   Normal   empty
[    0.000000]   Device   empty
[    0.000000] Movable zone start for each node
[    0.000000] Early memory node ranges
[    0.000000]   node   0: [mem 0x0000000000001000-0x000000000009efff]
[    0.000000]   node   0: [mem 0x0000000000100000-0x000000003ffeffff]
[    0.000000] Reserved but unavailable: 114 pages
[    0.000000] Initmem setup node 0 [mem 0x0000000000001000-0x000000003ffeffff]
[    0.000000] ACPI: PM-Timer IO Port: 0x4008
[    0.000000] IOAPIC[0]: apic_id 2, version 32, address 0xfec00000, GSI 0-23
[    0.000000] ACPI: INT_SRC_OVR (bus 0 bus_irq 0 global_irq 2 dfl dfl)
[    0.000000] ACPI: INT_SRC_OVR (bus 0 bus_irq 9 global_irq 9 low level)
[    0.000000] Using ACPI (MADT) for SMP configuration information
[    0.000000] smpboot: Allowing 2 CPUs, 0 hotplug CPUs
[    0.000000] PM: Registered nosave memory: [mem 0x00000000-0x00000fff
[    0.000000] PM: Registered nosave memory: [mem 0x0009f000-0x0009ffff]
[    0.000000] PPM: Registered nosave memory: [mem 0x000a0000-0x000effff]
[    0.00000] PM: Registered nosave memory: [mem 0x000f0000-0x000fffff]
[    0.000000] e820: [em 0x40000000-0xfebfffff] available for PCI devices
[    0.000000] Booting paravirtualized kernel on KVM
[    0.000000] clocksource: refined-jiffies: mask: 0xffffffff max_cycles: 0xffffffff, max_idle_ns: 7645519600211568 ns
[    0.000000] random: get_random_bytes called from start_kernel+0x99/0x4fd with crng_init=0
[    0.000000] setup_percpu: NR_CPUS:8192 nr_cpumask_bits:2 nr_cpu_ids:2 nr_node_ids:1
[    0.000000] percpu: Embedded 46 pages/cpu @        (ptrval) s151552 r8192 d28672 u1048576
[    0.000000] PV qspinlock hastable entries: 256 (order: 0, 4096 bte)
[   0.000000]Built 1 zonelist, obility grouping on Totalpages: 257913
[    0.000000] Policy zone: DMA32
[    0.000000] Kernel command line: BOOT_IMAGE=/boot/vmlinuz-.1.0-46-geneic root=LABL=loudimg-rootfs ro console=tty1 coole=ttyS0
[   0.00000] Memory: 983056K/1048120K available (230K kernel de 2473K rdaa,4252K rodata, 2408K init, 216K bss, 65064 reserved, 0K cma-reserved)
[    0.000000] SLUB: HWalign=64, Order=0-3, MinObects=0, CPUs=2, Nodes=1
    0.0000]Kernel/User page tbls isolation: enabled
[    0.000000] ftrace: allocating 39198 entries in 154 pages
[    0.004000] Hierarchical RCU implementation.
[    0.004000] 	RCU restricting CPUs from NR_CPUS=8192 to nr_cpu_ids=2.
[    0.004000] 	Tasks RCU enabled.
[    0.004000] RCU: Adjusting geometry for rcu_fanout_leaf=16, nr_cpu_ids=2
[    0.004000] NR_IRQS: 524544, nr_irqs: 440, preallocated irqs: 16
[    0.004000] Console: colour VGA+ 80x25
[    0.004000] console [tty1] enabled
[    0.004000] console [ttyS0] enabled
[    0.004000] ACPI: Core revision 20170831
[    0.004000] ACPI: 2 ACPI AML tables successfully acquired and loaded
[    0.004000] APIC: Switch to ssymmetric I/O mode setup
[    0.004000] x2apic enabled
[    0.004007] Switched APIC routing to physical x2apic.
[    0.006505] ..TIMER: vector=0x30 apic1=0 pin1=2 apic2=-1 pin2=-1
[    0.008005] tsc: Detected 1608.000 MHz processor
[    0.010135] Calibrating delay loop (skipped) preset value.. 3216.00 BogoMIPS (lpj=6432000)
[    0.012010] pid_max: default: 32768 minimum: 301
[    0.016056] Security Framework initialized
[    0.018031] Yama: becoming mindful.
[    0.020038] AppArmor: AppArmor initialized
[    0.024241] Dentry cache hash table entries: 131072 (order: 8, 1048576 bytes)
[    0.028091] Inode-cache hash table entries: 65536 (order: 7, 524288 bytes)
[    0.032025] Mount-cache hash table entries: 2048 (order: 2, 16384 bytes)
[    0.036010] Mountpoint-cache hash table entries: 2048 (order: 2, 16384 bytes)
[    0.044196] mce: CPU supports 0 MCE banks
[    0.046502] Last level iTLB entries: 4KB 64, 2MB 8, 4MB 8
[    0.048004] Last level dTLB entries: 4KB 64, 2MB 0, 4MB 0, 1GB 4
[    0.052005] Spectre V2 : Mitigation: Full generic retpoline
[    0.056039] Spectre V2 : Spectre v2 / SpectreRSB mitigation: Filling RSB on context switch
[    0.060005] Speculative Store Bypass: Vulnerable
[    0.062826] Freeing SMP alternatives memory: 36K
[    0.072000] smpboot: CPU0: Intel(R) Core(TM) i5-8210Y CPU @ 1.60GHz (family: 0x6, model: 0x8e, stepping: 0x9)
[    0.072085] Performance Events: unsupported p6 CPU model 142 no PMU driver, software events only.
[    0.076046] Hierarchical SRCU implementation.
[    0.080572] NMI watchdog: Perf event create on CPU 0 failed with -2
[    0.084014] NMI watchdog: Perf NMI watchdog permanently disabled
[    0.088094] smp: Bringing up secondary CPUs ...
[    0.092100] x86: Booting SMP configuration:
[    0.096005] .... node  #0, CPUs:      #1
[    0.004000] kvm-clock: cpu 1, msr 0:3ff44041, secondary cpu clock
[    0.004000] mce: CPU supports 0 MCE banks
[    0.103660] smp: Brought up 1 node, 2 CPUs
[    0.104006] smpboot: Max logical packages: 1
[    0.108004] smpboot: Total of 2 processors activated (6432.00 BogoMIPS)
[    0.112149] devtmpfs: initialized
[    0.116061] x86/mm: Memory block size: 128MB
[    0.120153] evm: security.selinux
[    0.124005] evm: security.SMACK64
[    0.128003] evm: security.SMACK64EXEC
[    0.129378] evm: security.SMACK64TRANSMUTE
[    0.130891] evm: security.SMACK64MMAP
[    0.132003] evm: security.apparmor
[    0.136002] evm: security.ima
[    0.137139] evm: security.capability
[    0.140083] clocksource: jiffies: mask: 0xffffffff max_cycles: 0xffffffff, max_idle_ns: 7645041785100000 ns
[    0.144008] futex hash table entries: 512 (order: 3, 32768 bytes)
[    0.148075] pinctrl core: initialized pinctrl subsystem
[    0.153830] RTC time: 14:34:46, date: 03/11/19
[    0.156210] NET: Registered protocol family 16
[    0.160085] audit: initializing netlink subsys (disabled)
[    0.164058] audit: type=2000 audit(1552314889.940:1): state=initialized audit_enabled=0 res=1
[    0.216015] cpuidle: using governor ladder
[    0.220010] cpuidle: using governor menu
[    0.224071] ACPI: bus type PCI registered
[    0.228007] acpiphp: ACPI Hot Plug PCI Controller Driver version: 0.5
[    0.232144] PCI: Using configuration type 1 for base access
[    0.237161] HugeTLB registered 2.00 MiB page size, pre-allocated 0 pages
[    0.240120] ACPI: Added _OSI(Module Device)
[    0.244008] ACPI: Added _OSI(Processor Device)
[    0.245650] ACPI: Added _OSI(3.0 _SCP Extensions)
[    0.248003] ACPI: Added _OSI(Processor Aggregator Device)
[    0.252007] ACPI: Added _OSI(Linux-Dell-Video)
[    0.256004] ACPI: Added _OSI(Linux-Lenovo-NV-HDMI-Audio)
[    0.257940] ACPI: Added _OSI(Linux-HPI-Hybrid-Graphics)
[    0.260547] ACPI: Executed 1 blocks of module-level executable AML code
[    0.270316] ACPI: Interpreter enabled
[    0.272020] ACPI: (supports S0 S5)
[    0.276004] ACPI: Using IOAPIC for interrupt routing
[    0.278177] PCI: Using host bridge windows from ACPI; if necessary, use "pci=nocrs" and report a bug
[    0.280296] ACPI: Enabled 2 GPEs in block 00 to 07
[    0.293696] ACPI: PCI Root Bridge [PCI0] (domain 0000 [bus 00-ff])
[    0.296017] acpi PNP0A03:00: _OSC: OS supports [ASPM ClockPM Segments MSI]
[    0.300045] acpi PNP0A03:00: _OSC: not requesting OS control; OS requires [ExtendedConfig ASPM ClockPM MSI]
[    0.304016] acpi PNP0A03:00: fail to add MMCONFIG information, can't access extended PCI configuration space under this bridge.
[    0.312259] PCI host bridge to bus 0000:00
[    0.313790] pci_bus 0000:00: root bus resource [io  0x0000-0x0cf7 window]
[    0.316004] pci_bus 0000:00: root bus resource [io  0x0d00-0xffff window]
[    0.320007] pci_bus 0000:00: root bus resource [mem 0x000a0000-0x000bffff window]
[    0.324004] pci_bus 0000:00: root bus resource [mem 0x40000000-0xfdffffff window]
[    0.328006] pci_bus 0000:00: root bus resource [bus 00-ff]
[    0.338045] pci 0000:00:01.1: legacy IDE quirk: reg 0x10: [io  0x01f0-0x01f7]
[    0.340008] pci 0000:00:01.1: legacy IDE quirk: reg 0x14: [io  0x03f6]
[    0.344008] pci 0000:00:01.1: legacy IDE quirk: reg 0x18: [io  0x0170-0x0177]
[    0.346100] pci 0000:00:01.1: legacy IDE quirk: reg 0x1c: [io  0x0376]
[    0.371178] pci 0000:00:07.0: quirk: [io  0x4000-0x403f] claimed by PIIX4 ACPI
[    0.372037] pci 0000:00:07.0: quirk: [io  0x4100-0x410f] claimed by PIIX4 SMB
[    0.404008] ACPI: PCI Interrupt Link [LNKA] (IRQs 5 9 10 *11)
[    0.408951] ACPI: PCI Interrupt Link [LNKB] (IRQs 5 9 *10 11)
[    0.412445] ACPI: PCI Interrupt Link [LNKC] (IRQs 5 *9 10 11)
[    0.416348] ACPI: PCI Interrupt Link [LNKD] (IRQs 5 9 10 *11)
[    0.421114] SCSI subsystem initialized
[    0.424191] pci 0000:00:02.0: vgaarb: setting as boot VGA device
[    0.427194] pci 0000:00:02.0: vgaarb: VGA device added: decodes=io+mem,owns=io+mem,locks=none
[    0.428007] pci 0000:00:02.0: vgaarb: bridge control possible
[    0.432004] vgaarb: loaded
[    0.436070] ACPI: bus type USB registered
[    0.440052] usbcore: registered new interface driver usbfs
[    0.444118] usbcore: registered new interface driver hub
[    0.448058] usbcore: registered new device driver usb
[    0.452097] EDAC MC: Ver: 3.0.0
[    0.456442] PCI: Using ACPI for IRQ routing
[    0.460513] NetLabel: Initializing
[    0.464003] NetLabel:  domain hash size = 128
[    0.465606] NetLabel:  protocols = UNLABELED CIPSOv4 CALIPSO
[    0.468023] NetLabel:  unlabeled traffic allowed by default
[    0.472119] clocksource: Switched to clocksource kvm-clock
[    0.490731] VFS: Disk quotas duo_66.
    .54067 VFS Dquot-cache hash table entries: 512 (order 0, 4096 bytes)
[    0.6802]ApArmor: AppArmor Filesystem Enabled
[    0.786263] pnp: PnP ACPI init
[   0.8861 pp:Pn API fund  dvies
[  10663 cocsorc: acpi_pm: mask:0xffffff max_cycles: 0xffffff, max_idle_ns: 2085701024 ns
[    1.387587] NET: Registered protocol famil2

[    1.470834] TCP established hash table entries: 8192 (orer: 4, 65536bytes)
[  1.543519] TCP bind hash table entries: 81 (rdr: 5, 13102 yts)
[   .769630]TC: as tbls onigre (stblshd 19 bnd812)

[    2.245023] UDP hash table entries: 512 (order: 2, 16384 bytes)
[    2.252436] UDP-Lite hash tablenris: 512 (orde 2 138 btes)
[    2.493435] NET: Registered protocol family 1
[    2.495115] pci 0000:00:00.0: Limiting direct PCI/PCI transfers
[    2.497796] pci 0000:00:01.0:Activating ISA DMA hang workarounds
[    2.524464] pci 0000:00:02.0: Video device with shadowed ROM at [mem 0x000c0000-0x000dffff]
[    2.529756] Unpacking initramfs...

[    2.867806] Freeing initrd memory: 19528K
[    2.904707] platform rtc_cmos: registered platform RTC device (no PNP device found)
[    2.976463] Scanning for low memory corruption every 60 seconds
[    3.002298] Initialise system trusted keyrings
[    3.032497] Key type blacklist registered
[    3.062458] workingset: timestamp_bits=36 max_order=18 bucket_order=0
[    3.080592] zbud: loaded
[    3.087478] squashfs: version 4.0 (2009/01/31) Phillip Lougher
[    3.109675] fuse init (API version 7.26)
[    3.134847] Key type asymmetric registered
[    3.136083] Asymmetric key parser 'x509' registered
[    3.137672] Block layer SCSI generic (bsg) driver version 0.4 loaded (major 246)
[    3.163092] io scheduler noop registered
[    3.170301] io scheduler deadline registered
[    3.171912] io scheduler cfq registered (default)
[    3.179732] ACPI: AC Adapter [AC] (on-line)
[    3.181297] input: Power Button as /devices/LNXSYSTM:00/LNXPWRBN:00/input/input0
[    3.184188] ACPI: Power Button [PWRF]
[    3.191237] input: Sleep Button as /devices/LNXSYSTM:00/LNXSLPBN:00/input/input1
[    3.199597] ACPI: Sleep Button [SLPF]
[    3.202654] Serial: 8250/16550 driver, 32 ports, IRQ sharing enabled
[    3.204438] ACPI: Battery Slot [BAT0] (battery present)
[    3.255332] 00:02: ttyS0 at I/O 0x3f8 (irq = 4, base_baud = 115200) is a 16550A
[    3.284124] Linux agpgart interface v0.103
[    3.289214] loop: module loaded
[    3.296738] scsi host0: ata_piix
[  3.303733] scsi host1: ata_piix
[    3.357485] ata1: PATA max UDMA/33 cmd 0x1f0 ctl 0x3f6 bmdma 0xd000 irq 14
[    3.3555 ata2: PATA max UDMA/33 cmd 0x170 ctl 0x376 bmdma 0xd008 irq 15

[    3.431196] libphy: FixeMDO us: roed
[    3.589431] tun: Universal TUN/TAP device driver, 1.6
[    3.594574] PPP generic driver version 2.4.2
[    3.613425] ehci_hcd: USB 2.0 'Enhanced' Host Controller (EHCI) Driver
[    3.616065] ehci-pci: EHCI PCI platform driver
[    3.621351] ehci-platform: EHCI generic platform driver
[    3.622989] ohci_hcd: USB 1.1 'Open' Host Controller (OHCI) Driver
[    3.625357] ohci-pci: OHCI PCI platform driver
[    3.627050] ohci-platform: OHCI generic platform driver
[    3.629049] uhci_hcd: USB Universal Host Controller Interface driver
[    3.631441] i8042: PNP: PS/2 Controller [PNP0303:PS2K,PNP0f03:PS2M] at 0x60,0x64 irq 1,12
[    3.634886] serio: i8042 KBD port at 0x60,0x64 irq 1
[    3.636836] serio: i8042 AUX port at 0x60,0x64 irq 12
[    3.639148] mousedev: PS/2 mouse device common for all mice
[    3.642998] rtc_cmos rtc_cmos: rtc core: registered rtc_cmos as rtc0
[    3.645601] input: AT Translated Set 2 keyboard as /devices/platform/i8042/serio0/input/input2
[    3.648256] rtc_cmos rtc_cmos: alarms up to one day, 114 bytes nvram
[    3.648274] i2c /dev entries driver
[    3.648287] pcie_mp2_amd: AMD(R) PCI-E MP2 Communication Driver Version: 1.0
[    3.648433] device-mapper: uevent: version 1.0.3
[    3.648617] device-mapper: ioctl: 4.37.0-ioctl (2017-09-20) initialised: dm-devel@redhat.com
[    3.682822] ledtrig-cpu: registered to indicate activity on CPUs
[    3.689401] NET: Registered protocol family 10
[    3.701770] Segment Routing with IPv6
[    3.704171] NET: Registered protocol family 17
[    3.707058] Key type dns_resolver registered
[    3.710217] RAS: Correctable Errors collector initialized.
[    3.713108] sched_clock: Marking stable (3713049834, 0)->(6872280639, -3159230805)
[    3.720479] registered taskstats version 1
[    3.722726] Loading compiled-in X.509 certificates
[    3.746312] Loaded X.509 cert 'Build time autogenerated kernel key: b873a790e41754b50f7dbae45b6bd46229c3c73f'
[    3.834411] zswap: loaded using pool lzo/zbud
[    3.877029] Key type big_key registered
[    3.900359] Key type trusted registered
[    3.926765] Key type encrypted registered
[    3.973537] AppArmor: AppArmor sha1 policy hashing enabled
[    3.978123] tsc: Refined TSC clocksource calibration: 1610.186 MHz
[    3.978130] clocksource: tsc: mask: 0xffffffffffffffff max_cycles: 0x1735bb69cbf, max_idle_ns: 440795285203 ns
[    4.233552] ima: No TPM chip found, activating TPM-bypass! (rc=-19)
[    4.285097] ima: Allocated hash algorithm: sha1
[    4.333249] evm: HMAC attrs: 0x1
[    4.356635]   Magic number: 11:321:586
[    4.403277] rtc_cmos rtc_cmos: setting system clock to 2019-03-11 14:34:51 UTC (1552314891)
[    4.455321] BIOS EDD facility v0.16 2004-Jun-25, 0 devices found
[    4.493318] EDD information not available.
[    4.585728] Freeing unused kernel memory: 2408K
[    4.676204] Write protecting the kernel read-only data: 20480k
[    4.736694] Freeing unused kernel memory: 2008K
[    4.741321] Freeing unused kernel memory: 1892K
[    4.748882] x86/mm: Checked W+X mappings: passed, no W+X pages found.
[    4.751048] x86/mm: Checking user space page tables
[    4.757348] x86/mm: Checked W+X mappings: passed, no W+X pages found.
Loading, please wait...
starting version 237
[    4.886633] e1000: Intel(R) PRO/1000 Network Driver - version 7.3.21-k8-NAPI
[    4.889367] e1000: Copyright (c) 1999-2006 Intel Corporation.
[    4.902972] Fusion MPT base driver 3.04.20
[    4.904448] Copyright (c) 1999-2008 LSI Corporation
[    4.917804] AVX2 version of gcm_enc/dec engaged.
[    4.919731] AES CTR mode by8 optimization enabled
[    4.923363] Fusion MPT SPI Host driver 3.04.20
[    4.944709] vboxvideo: loading out-of-tree module taints kernel.
[    4.947140] vboxvideo: module verification failed: signature and/or required key missing - tainting kernel
[    5.143085] input: ImExPS/2 Generic Explorer Mouse as /devices/platform/i8042/serio1/input/input4
[    5.350601] e1000 0000:00:03.0 eth0: (PCI:33MHz:32-bit) 02:d0:b7:d7:d4:46
[    5.885619] e1000 0000:00:03.0 eth0: Intel(R) PRO/1000 Network Connection
[    5.889303] mptbase: ioc0: Initiating bringup
[    5.984913] ioc0: LSI53C1030 A0: Capabilities={Initiator}
[    6.297889] scsi host2: ioc0: LSI53C1030 A0, FwRev=00000000h, Ports=1, MaxQ=256, IRQ=20
[    6.526784] [drm] VRAM 01000000
[    6.644980] scsi 2:0:0:0: Direct-Access     VBOX     HARDDISK         1.0  PQ: 0 ANSI: 5
[    6.936248] [TTM] Zone  kernel: Available graphics memory: 504464 kiB
[    6.988723] [TTM] Initializing pool allocator
[    6.990407] [TTM] Initializing DMA pool allocator
[    6.994232] fbcon: vboxdrmfb (fb0) is primary device
[    6.996153] Console: switching to colour frame buffer device 100x37
[    7.000665] vboxvideo 0000:00:02.0: fb0: vboxdrmfb frame buffer device
[    7.012127] scsi target2:0:0: Beginning Domain Validation
[    7.016230] [drm] Initialized vboxvideo 1.0.0 20130823 for 0000:00:02.0 on minor 0
[    7.017434] scsi target2:0:0: Domain Validation skipping write tests
[    7.017436] scsi target2:0:0: Ending Domain Validation
[    7.017548] scsi target2:0:0: asynchronous
[    7.018818] scsi 2:0:1:0: Direct-Access     VBOX     HARDDISK         1.0  PQ: 0 ANSI: 5
[    7.060165] scsi target2:0:1: Beginning Domain Validation
[    7.063416] random: fast init done
[    7.066383] scsi target2:0:1: Domain Validation skipping write tests
[    7.069747] scsi target2:0:1: Ending Domain Validation
[    7.072428] scsi target2:0:1: asynchronous
[    7.258672] random: systemd-udevd: uninitialized urandom read (16 bytes read)
[    7.261447] random: systemd-udevd: uninitialized urandom read (16 bytes read)
[    7.264084] sd 2:0:0:0: Attached scsi generic sg0 type 0
[    7.266236] random: systemd-udevd: uninitialized urandom read (16 bytes read)
[    7.269006] sd 2:0:0:0: [sda] 20971520 512-byte logical blocks: (10.7 GB/10.0 GiB)
[    7.271832] sd 2:0:0:0: [sda] Write Protect is off
[    7.273861] sd 2:0:1:0: Attached scsi generic sg1 type 0
[    7.276851] sd 2:0:0:0: [sda] Incomplete mode parameter data
[    7.278994] sd 2:0:0:0: [sda] Assuming drive cache: write through
[    7.281944] sd 2:0:1:0: [sdb] 20480 512-byte logical blocks: (10.5 MB/10.0 MiB)
[    7.284904] sd 2:0:1:0: [sdb] Write Protect is off
[    7.287022] sd 2:0:1:0: [sdb] Incomplete mode parameter data
[    7.289268] sd 2:0:1:0: [sdb] Assuming drive cache: write through
[    7.296155]  sda: sda1
[    7.299058] sd 2:0:1:0: [sdb] Attached SCSI disk
[    7.302494] sd 2:0:0:0: [sda] Attached SCSI disk
[    7.658841] e1000 0000:00:08.0 eth1: (PCI:33MHz:32-bit) 08:00:27:38:09:9c
[    7.918052] e1000 0000:00:08.0 eth1: Intel(R) PRO/1000 Network Connection
[    7.921875] e1000 0000:00:03.0 enp0s3: renamed from eth0
[    7.937159] e1000 0000:00:08.0 enp0s8: renamed from eth1
Begin: Loading essential drivers ... [    8.220207] raid6: sse2x1   gen()  2869 MB/s
[    8.272329] raid6: sse2x1   xor()  5261 MB/s
[    8.336215] raid6: sse2x2   gen() 12541 MB/s
[    8.408253] raid6: sse2x2   xor()  8040 MB/s
[    8.456243] raid6: sse2x4   gen() 13866 MB/s
[    8.504197] raid6: sse2x4   xor()  8740 MB/s
[    8.580181] raid6: avx2x1   gen() 20389 MB/s
[    8.644192] raid6: avx2x1   xor() 14248 MB/s
[    8.704232] raid6: avx2x2   gen() 24302 MB/s
[    8.760189] raid6: avx2x2   xor() 16164 MB/s
[    8.828327] raid6: avx2x4   gen() 25723 MB/s
[    8.884358] raid6: avx2x4   xor() 17651 MB/s
[    8.886135] raid6: using algorithm avx2x4 gen() 25723 MB/s
[    8.905204] raid6: .... xor() 17651 MB/s, rmw enabled
[    8.906875] raid6: using avx2x2 recovery algorithm
[    8.910135] xor: automatically using best checksumming function   avx       
[    8.976303] async_tx: api initialized (async)
done.
Begin: Running /scripts/init-premount ... done.
Begin: Mounting root file system ... Begin: Running /scripts/local-top ... done.
Begin: Running /scripts/local-premount ... [    9.039392] Btrfs loaded, crc32c=crc32c-intel
Scanning for Btrfs filesystems
done.
Warning: fsck no[    9.079016] EXT4-fs (sda1): INFO: recovery required on readonly filesystem
t present, so sk[    9.163470] EXT4-fs (sda1): write access will be enabled during recovery
ipping root file system
[    9.322483] EXT4-fs (sda1): recovery complete
[    9.326365] EXT4-fs (sda1): mounted filesystem with ordered data mode. Opts: (null)
done.
Begin: Running /scripts/local-bottom ... done.
Begin: Running /scripts/init-bottom ... done.
[    9.566468] ip_tables: (C) 2000-2006 Netfilter Core Team
[    9.576260] systemd[1]: systemd 237 running in system mode. (+PAM +AUDIT +SELINUX +IMA +APPARMOR +SMACK +SYSVINIT +UTMP +LIBCRYPTSETUP +GCRYPT +GNUTLS +ACL +XZ +LZ4 +SECCOMP +BLKID +ELFUTILS +KMOD -IDN2 +IDN -PCRE2 default-hierarchy=hybrid)
[    9.627786] systemd[1]: Detected virtualization oracle.
[    9.682844] systemd[1]: Detected architecture x86-64.

Welcome to [1mUbuntu 18.04.2 LTS[0m!

[    9.726025] systemd[1]: Set hostname to <ubuntu-bionic>.
[   10.458130] systemd[1]: Reached target Swap.
[[0;32m  OK  [0m] Reached target Swap.
[   10.473803] systemd[1]: Created slice System Slice.
[[0;32m  OK  [0m] Created slice System Slice.
[   10.481437] systemd[1]: Listening on Device-mapper event daemon FIFOs.
[[0;32m  OK  [0m] Listening on Device-mapper event daemon FIFOs.
[   10.489857] systemd[1]: Listening on Syslog Socket.
[[0;32m  OK  [0m] Listening on Syslog Socket.
[   10.508424] systemd[1]: Listening on Journal Audit Socket.
[[0;32m  OK  [0m] Listening on Journal Audit Socket.
[   10.561758] systemd[1]: Listening on LVM2 metadata daemon socket.
[[0;32m  OK  [0m] Listening on LVM2 metadata daemon socket.
[[0;32m  OK  [0m] Listening on Journal Socket (/dev/log).
[[0;32m  OK  [0m] Set up automount Arbitrary Executab…rmats File System Automount Point.
[[0;32m  OK  [0m] Listening on LVM2 poll daemon socket.
[[0;32m  OK  [0m] Listening on /dev/initctl Compatibility Named Pipe.
[[0;32m  OK  [0m] Listening on Journal Socket.
         Starting Set the console keyboard layout...
         Mounting POSIX Message Queue File System...
         Starting Uncomplicated firewall...
         Starting Load Kernel Modules...
[   11.473375] Loading iSCSI transport class v2.0-870.
         Starting Remount Root and Kernel File Systems...
[   11.494536] iscsi: registered transport (tcp)
[   11.495991] EXT4-fs (sda1): re-mounted. Opts: (null)
         Starting Create list of required st…ce nodes for the current kernel...
         Starting Journal Service...
[[0;32m  OK  [0m] Reached target System Time Synchronized.
[[0;32m  OK  [0m] Listening on udev Control Socket.
[   11.536981] iscsi: registered transport (iser)
         Mounting Kernel Debug File System...
[[0;32m  OK  [0m] Listening on Network Service Netlink Socket.
[[0;32m  OK  [0m] Created slice User and Session Slice.
[[0;32m  OK  [0m] Reached target Slices.
[[0;32m  OK  [0m] Reached target User and Group Name Lookups.
         Starting Monitoring of LVM2 mirrors…ng dmeventd or progress polling...
[[0;32m  OK  [0m] Created slice system-serial\x2dgetty.slice.
[[0;32m  OK  [0m] Started Forward Password Requests to Wall Directory Watch.
[[0;32m  OK  [0m] Listening on udev Kernel Socket.
         Starting udev Coldplug all Devices...
         Mounting Huge Pages File System...
[[0;32m  OK  [0m] Started Journal Service.
[[0;32m  OK  [0m] Started Set the console keyboard layout.
[[0;32m  OK  [0m] Mounted POSIX Message Queue File System.
[[0;32m  OK  [0m] Started Uncomplicated firewall.
[[0;32m  OK  [0m] Started Load Kernel Modules.
[[0;32m  OK  [0m] Started Remount Root and Kernel File Systems.
[[0;32m  OK  [0m] Started Create list of required sta…vice nodes for the current kernel.
[[0;32m  OK  [0m] Mounted Kernel Debug File System.
[[0;32m  OK  [0m] Mounted Huge Pages File System.
[[0;32m  OK  [0m] Started udev Coldplug all Devices.
[[0;32m  OK  [0m] Started LVM2 metadata daemon.
         Starting Create Static Device Nodes in /dev...
         Starting Load/Save Random Seed...
         Starting Initial cloud-init job (pre-networking)...
         Mounting Kernel Configuration File System...
         Starting Apply Kernel Variables...
         Mounting FUSE Control File System...
         Starting Flush Journal to Persistent Storage...
[[0;32m  OK  [0m] Started Monitoring of LVM2 mirrors,…sing dmeventd or progress polling.
[[0;32m  OK  [0m] Started Create Static Device Nodes in /dev.
[[0;32m  OK  [0m] Started Load/Save Random Seed.
[[0;32m  OK  [0m] Mounted Kernel Configuration File System.
[[0;32m  OK  [0m] Mounted FUSE Control File System.
         Starting udev Kernel Device Manager...
[[0;32m  OK  [0m] Reached target Local File Systems (Pre).
[[0;32m  OK  [0m] Reached target Local File Systems.
         Starting ebtables ruleset management...
         Starting Tell Plymouth To Write Out Runtime Data...
         Starting AppArmor initialization...
         Starting Set console font and keymap...
[[0;32m  OK  [0m] Started Apply Kernel Variables.
[[0;32m  OK  [0m] Started Tell Plymouth To Write Out Runtime Data.
[[0;32m  OK  [0m] Started Set console font and keymap.
[[0;32m  OK  [0m] Started udev Kernel Device Manager.
[[0;32m  OK  [0m] Started Dispatch Password Requests to Console Directory Watch.
[[0;32m  OK  [0m] Reached target Local Encrypted Volumes.
[[0;32m  OK  [0m] Found device /dev/ttyS0.
[[0;32m  OK  [0m] Started ebtables ruleset management.
[[0;32m  OK  [0m] Started Flush Journal to Persistent Storage.
         Starting Create Volatile Files and Directories...
[[0;32m  OK  [0m] Started Create Volatile Files and Directories.
         Starting Update UTMP about System Boot/Shutdown...
[[0;32m  OK  [0m] Listening on Load/Save RF Kill Switch Status /dev/rfkill Watch.
[[0;32m  OK  [0m] Started Update UTMP about System Boot/Shutdown.
[[0;32m  OK  [0m] Started AppArmor initialization.
[   14.177088] cloud-init[434]: Cloud-init v. 18.4-0ubuntu1~18.04.1 running 'init-local' at Mon, 11 Mar 2019 14:35:01 +0000. Up 13.95 seconds.
[[0;32m  OK  [0m] Started Initial cloud-init job (pre-networking).
[[0;32m  OK  [0m] Reached target Network (Pre).
         Starting Network Service...
[[0;32m  OK  [0m] Started Network Service.
         Starting Wait for Network to be Configured...
         Starting Network Name Resolution...
[[0;32m  OK  [0m] Started Network Name Resolution.
[[0;32m  OK  [0m] Reached target Network.
[[0;32m  OK  [0m] Reached target Host and Network Name Lookups.
[[0;32m  OK  [0m] Started Wait for Network to be Configured.
         Starting Initial cloud-init job (metadata service crawler)...
[   16.534902] cloud-init[703]: Cloud-init v. 18.4-0ubuntu1~18.04.1 running 'init' at Mon, 11 Mar 2019 14:35:03 +0000. Up 16.38 seconds.
[   16.539393] cloud-init[703]: ci-info: ++++++++++++++++++++++++++++++++++++++Net device info++++++++++++++++++++++++++++++++++++++
[   16.588318] cloud-init[703]: ci-info: +--------+------+----------------------------+---------------+--------+-------------------+
[   16.608474] cloud-init[703]: ci-info: | Device |  Up  |          Address           |      Mask     | Scope  |     Hw-Address    |
[   16.640398] cloud-init[703]: ci-info: +--------+------+----------------------------+---------------+--------+-------------------+
[   16.658022] cloud-init[703]: ci-info: | enp0s3 | True |         10.0.2.15          | 255.255.255.0 | global | 02:d0:b7:d7:d4:46 |
[   16.668179] cloud-init[703]: ci-info: | enp0s3 | True | fe80::d0:b7ff:fed7:d446/64 |       .       |  link  | 02:d0:b7:d7:d4:46 |
[   16.740933] cloud-init[703]: ci-info: | enp0s8 | True |       192.168.33.10        | 255.255.255.0 | global | 08:00:27:38:09:9c |
[   16.750058] cloud-init[703]: ci-info: | enp0s8 | True | fe80::a00:27ff:fe38:99c/64 |       .       |  link  | 08:00:27:38:09:9c |
[   16.755921] cloud-init[703]: ci-info: |   lo   | True |         127.0.0.1          |   255.0.0.0   |  host  |         .         |
[   16.761472] cloud-init[703]: ci-info: |   lo   | True |          ::1/128           |       .       |  host  |         .         |
[   16.766936] cloud-init[703]: ci-info: +--------+------+----------------------------+---------------+--------+-------------------+
[   16.772118] cloud-init[703]: ci-info: +++++++++++++++++++++++++++++Route IPv4 info+++++++++++++++++++++++++++++
[   16.776858] cloud-init[703]: ci-info: +-------+--------------+----------+-----------------+-----------+-------+
[   16.781258] cloud-init[703]: ci-info: | Route | Destination  | Gateway  |     Genmask     | Interface | Flags |
[   16.785668] cloud-init[703]: ci-info: +-------+--------------+----------+-----------------+-----------+-------+
[   16.789936] cloud-init[703]: ci-info: |   0   |   0.0.0.0    | 10.0.2.2 |     0.0.0.0     |   enp0s3  |   UG  |
[   16.794115] cloud-init[703]: ci-info: |   1   |   10.0.2.0   | 0.0.0.0  |  255.255.255.0  |   enp0s3  |   U   |
[   16.798294] cloud-init[703]: ci-info: |   2   |   10.0.2.2   | 0.0.0.0  | 255.255.255.255 |   enp0s3  |   UH  |
[   16.873110] cloud-init[703]: ci-info: |   3   | 192.168.33.0 | 0.0.0.0  |  255.255.255.0  |   enp0s8  |   U   |
[   16.873471] cloud-init[703]: ci-info: +-------+--------------+----------+-----------------+-----------+-------+
[   16.874568] cloud-init[703]: ci-info: +++++++++++++++++++Route IPv6 info+++++++++++++++++++
[   16.875854] cloud-init[703]: ci-info: +-------+-------------+---------+-----------+-------+
[   16.876830] cloud-init[703]: ci-info: | Route | Destination | Gateway | Interface | Flags |
[   16.877322] cloud-init[703]: ci-info: +-------+-------------+---------+-----------+-------+
[   16.877841] cloud-init[703]: ci-info: |   1   |  fe80::/64  |    ::   |   enp0s8  |   U   |
[   16.878367] cloud-init[703]: ci-info: |   2   |  fe80::/64  |    ::   |   enp0s3  |   U   |
[   16.878883] cloud-init[703]: ci-info: |   4   |    local    |    ::   |   enp0s3  |   U   |
[   16.879378] cloud-init[703]: ci-info: |   5   |    local    |    ::   |   enp0s8  |   U   |
[   16.880408] cloud-init[703]: ci-info: |   6   |   ff00::/8  |    ::   |   enp0s8  |   U   |
[   16.880869] cloud-init[703]: ci-info: |   7   |   ff00::/8  |    ::   |   enp0s3  |   U   |
[   16.881357] cloud-init[703]: ci-info: +-------+-------------+---------+-----------+-------+
[[0;32m  OK  [0m] Started Initial cloud-init job (metadata service crawler).
[[0;32m  OK  [0m] Reached target Network is Online.
         Starting Availability of block devices...
[[0;32m  OK  [0m] Reached target Remote File Systems (Pre).
[[0;32m  OK  [0m] Reached target Remote File Systems.
[[0;32m  OK  [0m] Reached target System Initialization.
[[0;32m  OK  [0m] Listening on UUID daemon activation socket.
[[0;32m  OK  [0m] Started Message of the Day.
[[0;32m  OK  [0m] Listening on ACPID Listen Socket.
[[0;32m  OK  [0m] Started Daily Cleanup of Temporary Directories.
[[0;32m  OK  [0m] Started Daily apt download activities.
[[0;32m  OK  [0m] Listening on Open-iSCSI iscsid Socket.
[[0;32m  OK  [0m] Started ACPI Events Check.
[[0;32m  OK  [0m] Reached target Paths.
         Starting LXD - unix socket.
[[0;32m  OK  [0m] Started Daily apt upgrade and clean activities.
[[0;32m  OK  [0m] Listening on D-Bus System Message Bus Socket.
[[0;32m  OK  [0m] Started Discard unused blocks once a week.
[[0;32m  OK  [0m] Reached target Timers.
         Starting Socket activation for snappy daemon.
[[0;32m  OK  [0m] Reached target Cloud-config availability.
[[0;32m  OK  [0m] Started Availability of block devices.
[[0;32m  OK  [0m] Listening on LXD - unix socket.
[[0;32m  OK  [0m] Listening on Socket activation for snappy daemon.
[[0;32m  OK  [0m] Reached target Sockets.
[[0;32m  OK  [0m] Reached target Basic System.
         Starting LSB: Record successful boot for GRUB...
[[0;32m  OK  [0m] Started Deferred execution scheduler.
         Starting vboxadd.service...
         Starting LSB: automatic crash report generation...
         Starting LXD - container startup/shutdown...
         Starting Permit User Sessions...
         Starting System Logging Service...
         Starting Login Service...
         Starting Snappy daemon...
[[0;32m  OK  [0m] Started irqbalance daemon.
[[0;32m  OK  [0m] Started FUSE filesystem for LXC.
         Starting Dispatcher daemon for systemd-networkd...
         Starting Accounts Service...
[[0;32m  OK  [0m] Started Regular background program processing daemon.
[[0;32m  OK  [0m] Started D-Bus System Message Bus.
         Starting OpenBSD Secure Shell server...
[[0;32m  OK  [0m] Started System Logging Service.
[[0;32m  OK  [0m] Started LXD - container startup/shutdown.
[[0;32m  OK  [0m] Started Permit User Sessions.
[[0;32m  OK  [0m] Started Login Service.
[[0;32m  OK  [0m] Started Unattended Upgrades Shutdown.
         Starting Terminate Plymouth Boot Screen...
         Starting Hold until boot process finishes up...
[[0;32m  OK  [0m] Started Snappy daemon.
         Starting Wait until snapd is fully seeded...
[[0;32m  OK  [0m] Started Terminate Plymouth Boot Screen.
[[0;32m  OK  [0m] Started Hold until boot process finishes up.
         Starting Set console scheme...
[[0;32m  OK  [0m] Started Serial Getty on ttyS0.
[[0;32m  OK  [0m] Started Set console scheme.
[[0;32m  OK  [0m] Created slice system-getty.slice.
[[0;32m  OK  [0m] Started Getty on tty1.
[[0;32m  OK  [0m] Reached target Login Prompts.
         Starting Authorization Manager...
[[0;32m  OK  [0m] Started OpenBSD Secure Shell server.
[[0;32m  OK  [0m] Started Wait until snapd is fully seeded.
         Starting Apply the settings specified in cloud-config...
[[0;32m  OK  [0m] Started LSB: automatic crash report generation.
[[0;32m  OK  [0m] Started LSB: Record successful boot for GRUB.
[[0;32m  OK  [0m] Started Authorization Manager.
[[0;32m  OK  [0m] Started Accounts Service.
[[0;32m  OK  [0m] Started vboxadd.service.
         Starting vboxadd-service.service...
[[0;32m  OK  [0m] Started Dispatcher daemon for systemd-networkd.
[[0;32m  OK  [0m] Started vboxadd-service.service.
[[0;32m  OK  [0m] Reached target Multi-User System.
[[0;32m  OK  [0m] Reached target Graphical Interface.
         Starting Update UTMP about System Runlevel Changes...
[[0;32m  OK  [0m] Started Update UTMP about System Runlevel Changes.
[   18.997428] cloud-init[1055]: Cloud-init v. 18.4-0ubuntu1~18.04.1 running 'modules:config' at Mon, 11 Mar 2019 14:35:05 +0000. Up 18.89 seconds.
[[0;32m  OK  [0m] Started Apply the settings specified in cloud-config.
         Starting Execute cloud user/final scripts...
[   19.587694] cloud-init[1141]: Cloud-init v. 18.4-0ubuntu1~18.04.1 running 'modules:final' at Mon, 11 Mar 2019 14:35:06 +0000. Up 19.44 seconds.
[   19.610908] cloud-init[1141]: Cloud-init v. 18.4-0ubuntu1~18.04.1 finished at Mon, 11 Mar 2019 14:35:06 +0000. Datasource DataSourceNoCloud [seed=/dev/sdb][dsmode=net].  Up 19.56 seconds
[[0;32m  OK  [0m] Started Execute cloud user/final scripts.
[[0;32m  OK  [0m] Reached target Cloud-init target.

Ubuntu 18.04.2 LTS ubuntu-bionic ttyS0

ubuntu-bionic login: [[0;32m  OK  [0m] Stopped target Graphical Interface.
         Stopping Availability of block devices...
         Stopping Authorization Manager...
[[0;32m  OK  [0m] Stopped target Timers.
[[0;32m  OK  [0m] Stopped Message of the Day.
[[0;32m  OK  [0m] Stopped Discard unused blocks once a week.
[[0;32m  OK  [0m] Stopped Daily apt upgrade and clean activities.
[[0;32m  OK  [0m] Stopped Daily apt download activities.
[[0;32m  OK  [0m] Stopped Daily Cleanup of Temporary Directories.
[[0;32m  OK  [0m] Stopped target Host and Network Name Lookups.
[[0;32m  OK  [0m] Sto[[0;32m  OK  [0m] Stopped Wait until snapd is fully seeded.
[[0;32m  OK  [0m] Stopped target Cloud-config availability.
         Stopping Deferred execution scheduler...
[[0;32m  OK  [0m] Closed Load/Save RF Kill Switch Status /dev/rfkill Watch.
[[0;32m  OK  [0m] Stopped target Network is Online.
         Stopping Session 5 of user vagrant.
         Stopping User Manager for UID 1000...
         Stopping Regular background program processing daemon...
         Stopping Accounts Service...
[[0;32m  OK  [0m] Stopped target System Time Synchronized.
         Stopping LSB: Record successful boot for GRUB...
         Stopping System Logging Service...
[[0;32m  OK  [0m] Stopped Dispatcher daemon for systemd-networkd.
[[0;32m  OK  [0m] Stopped System Logging Service.
[[0;32m  OK  [0m] Stopped Regular background program processing daemon.
[[0;32m  OK  [0m] Stopped Serial Getty on ttyS0.
[[0;32m  OK  [0m] Stopped Accounts Service.
[[0;32m  OK  [0m] Stopped OpenBSD Secure Shell server.
[[0;32m  OK  [0m] Stopped Deferred execution scheduler.
[[0;32m  OK  [0m] Unmounted /var/lib/lxcfs.
[[0;32m  OK  [0m] Stopped Getty on tty1.
[[0;32m  OK  [0m] Stopped Authorization Manager.
[[0;32m  OK  [0m] Stopped User Manager for UID 1000.
[[0;32m  OK  [0m] Stopped D-Bus System Message Bus.
[[0;32m  OK  [0m] Stopped irqbalance daemon.
[[0;32m  OK  [0m] Stopped Session 5 of user vagrant.
[[0;32m  OK  [0m] Stopped FUSE filesystem for LXC.
[[0;32m  OK  [0m] Stopped LXD - container startup/shutdown.
[[0;32m  OK  [0m] Removed slice User Slice of vagrant.
[[0;32m  OK  [0m] Removed slice system-getty.slice.
[[0;32m  OK  [0m] Removed slice system-serial\x2dgetty.slice.
         Stopping Permit User Sessions...
[[0;32m  OK  [0m] Stopped LSB: Record successful boot for GRUB.
[[0;32m  OK  [0m] Stopped LSB: automatic crash report generation.
[[0;32m  OK  [0m] Stopped Permit User Sessions.
[[0;32m  OK  [0m] Stopped target Remote File Systems.
[[0;32m  OK  [0m] Stopped target Remote File Systems (Pre).
[[0;32m  OK  [0m] Stopped Unattended Upgrades Shutdown.
[[0;32m  OK  [0m] Unmounted /run/user/1000.
         Stopping Login Service...
[[0;32m  OK  [0m] Stopped target Network.
         Stopping Network Name Resolution...
[[0;32m  OK  [0m] Stopped Availability of block devices.
[[0;32m  OK  [0m] Stopped Network Name Resolution.
         Stopping Network Service...
[[0;32m  OK  [0m] Stopped Login Service.
[[0;32m  OK  [0m] Stopped target User and Group Name Lookups.
[[0;32m  OK  [0m] Stopped Network Service.
[[0;32m  OK  [0m] Stopped target Network (Pre).
[[0;32m  OK  [0m] Stopped vboxadd-service.service.
         Stopping vboxadd.service...
[[0;32m  OK  [0m] Unmounted /vagrant.
[[0;32m  OK  [0m] Stopped vboxadd.service.
[[0;32m  OK  [0m] Stopped target Basic System.
[[0;32m  OK  [0m] Stopped target Slices.
[[0;32m  OK  [0m] Removed slice User and Session Slice.
[[0;32m  OK  [0m] Stopped target Sockets.
[[0;32m  OK  [0m] Closed UUID daemon activation socket.
[[0;32m  OK  [0m] Closed D-Bus System Message Bus Socket.
[[0;32m  OK  [0m] Closed ACPID Listen Socket.
[[0;32m  OK  [0m] Closed Open-iSCSI iscsid Socket.
[[0;32m  OK  [0m] Closed Socket activation for snappy daemon.
[[0;32m  OK  [0m] Closed LXD - unix socket.
[[0;32m  OK  [0m] Closed Syslog Socket.
[[0;32m  OK  [0m] Stopped target Paths.
[[0;32m  OK  [0m] Stopped ACPI Events Check.
[[0;32m  OK  [0m] Stopped target System Initialization.
         Stopping Update UTMP about System Boot/Shutdown...
         Stopping Load/Save Random Seed...
[[0;32m  OK  [0m] Stopped target Swap.
[[0;32m  OK  [0m] Stopped Initial cloud-init job (metadata service crawler).
[[0;32m  OK  [0m] Stopped Initial cloud-init job (pre-networking).
[[0;32m  OK  [0m] Stopped Apply Kernel Variables.
[[0;32m  OK  [0m] Stopped Load Kernel Modules.
[[0;32m  OK  [0m] Stopped target Local Encrypted Volumes.
[[0;32m  OK  [0m] Stopped Dispatch Password Requests to Console Directory Watch.
[[0;32m  OK  [0m] Stopped Forward Password Requests to Wall Directory Watch.
[[0;32m  OK  [0m] Reached target Unmount All Filesystems.
[[0;32m  OK  [0m] Stopped Load/Save Random Seed.
[[0;32m  OK  [0m] Stopped Update UTMP about System Boot/Shutdown.
[[0;32m  OK  [0m] Stopped Create Volatile Files and Directories.
[[0;32m  OK  [0m] Stopped target Local File Systems.
[[0;32m  OK  [0m] Stopped target Local File Systems (Pre).
[[0;32m  OK  [0m] Stopped Remount Root and Kernel File Systems.
         Stopping Monitoring of LVM2 mirrors…ng dmeventd or progress polling...
[[0;32m  OK  [0m] Stopped Create Static Device Nodes in /dev.
[[0;32m  OK  [0m] Reached target Shutdown.
[[0;32m  OK  [0m] Reached target Final Step.
         Starting Power-Off...
[  548.465021] reboot: Power down
